
[2022-04-16 02:13:48] Traceback (most recent call last):
  File "H:/PythonDevelopment/Learning/testCEF/main.py", line 49, in <module>
    main()
  File "H:/PythonDevelopment/Learning/testCEF/main.py", line 19, in main
    set_javascript_bindings(browser)
  File "H:/PythonDevelopment/Learning/testCEF/main.py", line 41, in set_javascript_bindings
    bindings = cef.JavaScriptBindings(
AttributeError: module 'cefpython3.cefpython_py37' has no attribute 'JavaScriptBindings'


[2022-04-16 02:14:30] Traceback (most recent call last):
  File "H:/PythonDevelopment/Learning/testCEF/main.py", line 50, in <module>
    main()
  File "H:/PythonDevelopment/Learning/testCEF/main.py", line 18, in main
    set_javascript_bindings(browser)
  File "H:/PythonDevelopment/Learning/testCEF/main.py", line 42, in set_javascript_bindings
    bindings = cef.JavaScriptBindings(
AttributeError: module 'cefpython3.cefpython_py37' has no attribute 'JavaScriptBindings'


[2022-04-16 02:14:49] Traceback (most recent call last):
  File "H:/PythonDevelopment/Learning/testCEF/main.py", line 50, in <module>
    main()
  File "H:/PythonDevelopment/Learning/testCEF/main.py", line 18, in main
    set_javascript_bindings(browser)
  File "H:/PythonDevelopment/Learning/testCEF/main.py", line 42, in set_javascript_bindings
    bindings = cef.JavaScriptBindings(
AttributeError: module 'cefpython3.cefpython_py37' has no attribute 'JavaScriptBindings'


[2022-04-16 02:16:49] Traceback (most recent call last):
  File "H:/PythonDevelopment/Learning/testCEF/main.py", line 50, in <module>
    main()
  File "H:/PythonDevelopment/Learning/testCEF/main.py", line 18, in main
    set_javascript_bindings(browser)
  File "H:/PythonDevelopment/Learning/testCEF/main.py", line 42, in set_javascript_bindings
    bindings = cef.JavaScriptBindings(
AttributeError: module 'cefpython3.cefpython_py37' has no attribute 'JavaScriptBindings'


[2022-04-16 02:18:11] Traceback (most recent call last):
  File "H:/PythonDevelopment/Learning/testCEF/main.py", line 49, in <module>
    main()
  File "H:/PythonDevelopment/Learning/testCEF/main.py", line 18, in main
    set_javascript_bindings(browser)
  File "H:/PythonDevelopment/Learning/testCEF/main.py", line 42, in set_javascript_bindings
    bindings = cef.JavaScriptBindings(bindToFrames=False, bindToPopups=False)
AttributeError: module 'cefpython3.cefpython_py37' has no attribute 'JavaScriptBindings'


[2022-04-16 02:19:14] Traceback (most recent call last):
  File "H:/PythonDevelopment/Learning/testCEF/main.py", line 49, in <module>
    main()
  File "H:/PythonDevelopment/Learning/testCEF/main.py", line 18, in main
    set_javascript_bindings(browser)
  File "H:/PythonDevelopment/Learning/testCEF/main.py", line 46, in set_javascript_bindings
    browser.SetJavaScriptBindings(bindings)
AttributeError: 'cefpython_py37.PyBrowser' object has no attribute 'SetJavaScriptBindings'


[2022-04-16 19:17:04] Traceback (most recent call last):
  File "lifespan_handler.pyx", line 116, in cefpython_py37.LifespanHandler_OnBeforeClose
  File "utils.pyx", line 50, in cefpython_py37.Debug
KeyboardInterrupt

